Build started 12/1/2021 7:27:26 PM.
     1>Project "C:\Users\bert7\Documents\Visual Studio 2010\Projects\CEIS400_0_0 Group C Project\CEIS400_0_0 Group C Project\CEIS400_0_0 Group C Project.vcxproj" on node 2 (build target(s)).
     1>InitializeBuildStatus:
         Creating "Debug\CEIS400_0_0 Group C Project.unsuccessfulbuild" because "AlwaysCreate" was specified.
       ClCompile:
         c:\Program Files (x86)\Microsoft Visual Studio 10.0\VC\bin\CL.exe /c /ZI /nologo /W3 /WX- /Od /Oy- /D _MBCS /Gm /EHsc /RTC1 /MDd /GS /fp:precise /Zc:wchar_t /Zc:forScope /Fo"Debug\\" /Fd"Debug\vc100.pdb" /Gd /TP /analyze- /errorReport:prompt "CEIS400_0_0 Group C Project.cpp" Equipment.cpp Technician.cpp
         Technician.cpp
         Generating Code...
         Skipping... (no relevant changes detected)
         Equipment.cpp
         CEIS400_0_0 Group C Project.cpp
       Link:
         c:\Program Files (x86)\Microsoft Visual Studio 10.0\VC\bin\link.exe /ERRORREPORT:PROMPT /OUT:"C:\Users\bert7\Documents\Visual Studio 2010\Projects\CEIS400_0_0 Group C Project\Debug\CEIS400_0_0 Group C Project.exe" /NOLOGO kernel32.lib user32.lib gdi32.lib winspool.lib comdlg32.lib advapi32.lib shell32.lib ole32.lib oleaut32.lib uuid.lib odbc32.lib odbccp32.lib /MANIFEST /ManifestFile:"Debug\CEIS400_0_0 Group C Project.exe.intermediate.manifest" /MANIFESTUAC:"level='asInvoker' uiAccess='false'" /DEBUG /PDB:"C:\Users\bert7\Documents\Visual Studio 2010\Projects\CEIS400_0_0 Group C Project\Debug\CEIS400_0_0 Group C Project.pdb" /TLBID:1 /DYNAMICBASE /NXCOMPAT /IMPLIB:"C:\Users\bert7\Documents\Visual Studio 2010\Projects\CEIS400_0_0 Group C Project\Debug\CEIS400_0_0 Group C Project.lib" /MACHINE:X86 "Debug\CEIS400_0_0 Group C Project.obj"
         Debug\Equipment.obj
         Debug\Manager.obj
         Debug\Technician.obj
         LINK : C:\Users\bert7\Documents\Visual Studio 2010\Projects\CEIS400_0_0 Group C Project\Debug\CEIS400_0_0 Group C Project.exe not found or not built by the last incremental link; performing full link
         CEIS400_0_0 Group C Project.vcxproj -> C:\Users\bert7\Documents\Visual Studio 2010\Projects\CEIS400_0_0 Group C Project\Debug\CEIS400_0_0 Group C Project.exe
       Manifest:
         C:\Program Files (x86)\Microsoft SDKs\Windows\v7.0A\bin\mt.exe /nologo /verbose /outputresource:"C:\Users\bert7\Documents\Visual Studio 2010\Projects\CEIS400_0_0 Group C Project\Debug\CEIS400_0_0 Group C Project.exe;#1" /manifest "Debug\CEIS400_0_0 Group C Project.exe.intermediate.manifest"
       FinalizeBuildStatus:
         Deleting file "Debug\CEIS400_0_0 Group C Project.unsuccessfulbuild".
         Touching "Debug\CEIS400_0_0 Group C Project.lastbuildstate".
     1>Done Building Project "C:\Users\bert7\Documents\Visual Studio 2010\Projects\CEIS400_0_0 Group C Project\CEIS400_0_0 Group C Project\CEIS400_0_0 Group C Project.vcxproj" (build target(s)).

Build succeeded.

Time Elapsed 00:00:00.79
